<?xml version="1.0" encoding="UTF-8"?><testsuite errors="0" failures="1" name="PostDataUsersTests" skipped="0" tests="2" time="6.95" timestamp="2023-02-11 12:22:49"><testcase classname="PostDataUsersTests" name="Post users fail"/><testcase classname="PostDataUsersTests" name="Post users"><failure message="expected:&lt;[2]00&gt; but was:&lt;[4]00&gt;" type="org.junit.ComparisonFailure">expected:&lt;[2]00&gt; but was:&lt;[4]00&gt;</failure><system-err>expected:&lt;[2]00&gt; but was:&lt;[4]00&gt;&#13;
PostDataUsersTests.postUsers(PostDataUsersTests.java:25)&#13;
</system-err></testcase></testsuite>